2017.01.02 17:40:49.802 EST INFO: *** SYSTEM START ***
2017.01.02 17:40:51.861 EST INFO: Loading triples -- ProtegeOWLParser.loadTriples()
2017.01.02 17:40:54.519 EST INFO: [ProtegeOWLParser] Completed triple loading after 2262 ms -- ProtegeOWLParser.loadTriples()
2017.01.02 17:40:54.734 EST INFO: [TripleChangePostProcessor] Completed lists after 3 ms -- TripleChangePostProcessor.log()
2017.01.02 17:40:54.765 EST INFO: [TripleChangePostProcessor] Completed anonymous classes after 30 ms -- TripleChangePostProcessor.log()
2017.01.02 17:40:54.770 EST INFO: [TripleChangePostProcessor] Completed deprecated classes after 4 ms -- TripleChangePostProcessor.log()
2017.01.02 17:40:54.985 EST INFO: [TripleChangePostProcessor] Completed properties after 215 ms -- TripleChangePostProcessor.log()
2017.01.02 17:40:55.069 EST INFO: [TripleChangePostProcessor] Completed named classes after 84 ms -- TripleChangePostProcessor.log()
2017.01.02 17:40:55.077 EST INFO: ... Loading completed after 2820 ms -- ProtegeOWLParser.loadTriples()
2017.01.02 17:44:40.161 EST INFO: *** SYSTEM START ***
2017.01.02 17:44:40.694 EST INFO: Loading triples -- ProtegeOWLParser.loadTriples()
2017.01.02 17:44:41.123 EST INFO: [ProtegeOWLParser] Completed triple loading after 310 ms -- ProtegeOWLParser.loadTriples()
2017.01.02 17:44:41.144 EST INFO: [TripleChangePostProcessor] Completed lists after 0 ms -- TripleChangePostProcessor.log()
2017.01.02 17:44:41.149 EST INFO: [TripleChangePostProcessor] Completed anonymous classes after 4 ms -- TripleChangePostProcessor.log()
2017.01.02 17:44:41.150 EST INFO: [TripleChangePostProcessor] Completed deprecated classes after 1 ms -- TripleChangePostProcessor.log()
2017.01.02 17:44:41.165 EST INFO: [TripleChangePostProcessor] Completed properties after 15 ms -- TripleChangePostProcessor.log()
2017.01.02 17:44:41.174 EST INFO: [TripleChangePostProcessor] Completed named classes after 8 ms -- TripleChangePostProcessor.log()
2017.01.02 17:44:41.174 EST INFO: ... Loading completed after 361 ms -- ProtegeOWLParser.loadTriples()
2017.01.02 17:58:05.795 EST INFO: *** SYSTEM START ***
2017.01.02 17:58:06.320 EST INFO: Loading triples -- ProtegeOWLParser.loadTriples()
2017.01.02 17:58:06.737 EST INFO: [ProtegeOWLParser] Completed triple loading after 302 ms -- ProtegeOWLParser.loadTriples()
2017.01.02 17:58:06.753 EST INFO: [TripleChangePostProcessor] Completed lists after 0 ms -- TripleChangePostProcessor.log()
2017.01.02 17:58:06.758 EST INFO: [TripleChangePostProcessor] Completed anonymous classes after 5 ms -- TripleChangePostProcessor.log()
2017.01.02 17:58:06.759 EST INFO: [TripleChangePostProcessor] Completed deprecated classes after 1 ms -- TripleChangePostProcessor.log()
2017.01.02 17:58:06.778 EST INFO: [TripleChangePostProcessor] Completed properties after 19 ms -- TripleChangePostProcessor.log()
2017.01.02 17:58:06.786 EST INFO: [TripleChangePostProcessor] Completed named classes after 8 ms -- TripleChangePostProcessor.log()
2017.01.02 17:58:06.786 EST INFO: ... Loading completed after 352 ms -- ProtegeOWLParser.loadTriples()
2017.01.02 18:11:06.390 EST INFO: *** SYSTEM START ***
2017.01.02 18:11:06.913 EST INFO: Loading triples -- ProtegeOWLParser.loadTriples()
2017.01.02 18:11:07.330 EST INFO: [ProtegeOWLParser] Completed triple loading after 300 ms -- ProtegeOWLParser.loadTriples()
2017.01.02 18:11:07.349 EST INFO: [TripleChangePostProcessor] Completed lists after 0 ms -- TripleChangePostProcessor.log()
2017.01.02 18:11:07.356 EST INFO: [TripleChangePostProcessor] Completed anonymous classes after 6 ms -- TripleChangePostProcessor.log()
2017.01.02 18:11:07.358 EST INFO: [TripleChangePostProcessor] Completed deprecated classes after 2 ms -- TripleChangePostProcessor.log()
2017.01.02 18:11:07.375 EST INFO: [TripleChangePostProcessor] Completed properties after 17 ms -- TripleChangePostProcessor.log()
2017.01.02 18:11:07.385 EST INFO: [TripleChangePostProcessor] Completed named classes after 10 ms -- TripleChangePostProcessor.log()
2017.01.02 18:11:07.386 EST INFO: ... Loading completed after 356 ms -- ProtegeOWLParser.loadTriples()
2017.01.02 18:12:09.376 EST INFO: *** SYSTEM START ***
2017.01.02 18:12:09.883 EST INFO: Loading triples -- ProtegeOWLParser.loadTriples()
2017.01.02 18:12:10.288 EST INFO: [ProtegeOWLParser] Completed triple loading after 288 ms -- ProtegeOWLParser.loadTriples()
2017.01.02 18:12:10.304 EST INFO: [TripleChangePostProcessor] Completed lists after 0 ms -- TripleChangePostProcessor.log()
2017.01.02 18:12:10.309 EST INFO: [TripleChangePostProcessor] Completed anonymous classes after 5 ms -- TripleChangePostProcessor.log()
2017.01.02 18:12:10.309 EST INFO: [TripleChangePostProcessor] Completed deprecated classes after 0 ms -- TripleChangePostProcessor.log()
2017.01.02 18:12:10.325 EST INFO: [TripleChangePostProcessor] Completed properties after 16 ms -- TripleChangePostProcessor.log()
2017.01.02 18:12:10.333 EST INFO: [TripleChangePostProcessor] Completed named classes after 8 ms -- TripleChangePostProcessor.log()
2017.01.02 18:12:10.334 EST INFO: ... Loading completed after 334 ms -- ProtegeOWLParser.loadTriples()
2017.01.05 19:34:35.922 EST INFO: *** SYSTEM START ***
2017.01.05 19:34:38.051 EST INFO: Loading triples -- ProtegeOWLParser.loadTriples()
2017.01.05 19:34:40.678 EST INFO: [ProtegeOWLParser] Completed triple loading after 2213 ms -- ProtegeOWLParser.loadTriples()
2017.01.05 19:34:40.898 EST INFO: [TripleChangePostProcessor] Completed lists after 3 ms -- TripleChangePostProcessor.log()
2017.01.05 19:34:40.929 EST INFO: [TripleChangePostProcessor] Completed anonymous classes after 31 ms -- TripleChangePostProcessor.log()
2017.01.05 19:34:40.933 EST INFO: [TripleChangePostProcessor] Completed deprecated classes after 4 ms -- TripleChangePostProcessor.log()
2017.01.05 19:34:41.146 EST INFO: [TripleChangePostProcessor] Completed properties after 212 ms -- TripleChangePostProcessor.log()
2017.01.05 19:34:41.230 EST INFO: [TripleChangePostProcessor] Completed named classes after 84 ms -- TripleChangePostProcessor.log()
2017.01.05 19:34:41.238 EST INFO: ... Loading completed after 2773 ms -- ProtegeOWLParser.loadTriples()
